Terminals unused in grammar

    VAR
    FUN


Grammar

    0 $accept: program $end

    1 program: stmts

    2 stmts: stmt
    3      | %empty

    4 stmt: RETURN exp SEMICOLON

    5 exp: INT_CONSTANT


Terminals, with rules where they appear

    $end (0) 0
    error (256)
    INT_CONSTANT <ival> (258) 5
    RETURN (259) 4
    SEMICOLON (260) 4
    VAR (261)
    FUN (262)


Nonterminals, with rules where they appear

    $accept (8)
        on left: 0
    program (9)
        on left: 1
        on right: 0
    stmts <stmts> (10)
        on left: 2 3
        on right: 1
    stmt <stmt> (11)
        on left: 4
        on right: 2
    exp <exp> (12)
        on left: 5
        on right: 4


State 0

    0 $accept: • program $end

    RETURN  shift, and go to state 1

    $default  reduce using rule 3 (stmts)

    program  go to state 2
    stmts    go to state 3
    stmt     go to state 4


State 1

    4 stmt: RETURN • exp SEMICOLON

    INT_CONSTANT  shift, and go to state 5

    exp  go to state 6


State 2

    0 $accept: program • $end

    $end  shift, and go to state 7


State 3

    1 program: stmts •

    $default  reduce using rule 1 (program)


State 4

    2 stmts: stmt •

    $default  reduce using rule 2 (stmts)


State 5

    5 exp: INT_CONSTANT •

    $default  reduce using rule 5 (exp)


State 6

    4 stmt: RETURN exp • SEMICOLON

    SEMICOLON  shift, and go to state 8


State 7

    0 $accept: program $end •

    $default  accept


State 8

    4 stmt: RETURN exp SEMICOLON •

    $default  reduce using rule 4 (stmt)
